
*** Running vivado
    with args -log design_1_wrapper.vds -m64 -product Vivado -mode batch -messageDb vivado.pb -notrace -source design_1_wrapper.tcl



****** Vivado v2022.2 (64-bit)
  **** SW Build 3671981 on Fri Oct 14 05:00:03 MDT 2022
  **** IP Build 3669848 on Fri Oct 14 08:30:02 MDT 2022
    ** Copyright 1986-2022 Xilinx, Inc. All Rights Reserved.

source design_1_wrapper.tcl -notrace
INFO: [IP_Flow 19-234] Refreshing IP repositories
INFO: [IP_Flow 19-1704] No user IP repositories specified
INFO: [IP_Flow 19-2313] Loaded Vivado IP repository 'C:/Xilinx/Vivado/2022.2/data/ip'.
add_files: Time (s): cpu = 00:00:01 ; elapsed = 00:00:07 . Memory (MB): peak = 482.996 ; gain = 80.051
Command: read_checkpoint -auto_incremental -incremental C:/Users/pilltong/Desktop/SoC_Final_Project/SoC_Final_Project/SoC_Final_Project.srcs/utils_1/imports/synth_1/design_1_wrapper.dcp
INFO: [Vivado 12-5825] Read reference checkpoint from C:/Users/pilltong/Desktop/SoC_Final_Project/SoC_Final_Project/SoC_Final_Project.srcs/utils_1/imports/synth_1/design_1_wrapper.dcp for incremental synthesis
INFO: [Vivado 12-7989] Please ensure there are no constraint changes
Command: synth_design -top design_1_wrapper -part xczu3eg-sbva484-1-i
Starting synth_design
Attempting to get a license for feature 'Synthesis' and/or device 'xczu3eg'
INFO: [Common 17-349] Got license for feature 'Synthesis' and/or device 'xczu3eg'
INFO: [Device 21-403] Loading part xczu3eg-sbva484-1-i
INFO: [Designutils 20-5440] No compile time benefit to using incremental synthesis; A full resynthesis will be run
INFO: [Designutils 20-4379] Flow is switching to default flow due to incremental criteria not met. If you would like to alter this behaviour and have the flow terminate instead, please set the following parameter config_implementation {autoIncr.Synth.RejectBehavior Terminate}
INFO: [Synth 8-7079] Multithreading enabled for synth_design using a maximum of 2 processes.
INFO: [Synth 8-7078] Launching helper process for spawning children vivado processes
INFO: [Synth 8-7075] Helper process launched with PID 18084
INFO: [Synth 8-11241] undeclared symbol 'REGCCE', assumed default net type 'wire' [C:/Xilinx/Vivado/2022.2/data/verilog/src/unimacro/BRAM_SINGLE_MACRO.v:2170]
---------------------------------------------------------------------------------
Starting RTL Elaboration : Time (s): cpu = 00:00:01 ; elapsed = 00:00:05 . Memory (MB): peak = 1757.211 ; gain = 329.109
---------------------------------------------------------------------------------
INFO: [Synth 8-6157] synthesizing module 'design_1_wrapper' [C:/Users/pilltong/Desktop/SoC_Final_Project/SoC_Final_Project/SoC_Final_Project.gen/sources_1/bd/design_1/hdl/design_1_wrapper.v:12]
INFO: [Synth 8-6157] synthesizing module 'design_1' [c:/Users/pilltong/Desktop/SoC_Final_Project/SoC_Final_Project/SoC_Final_Project.gen/sources_1/bd/design_1/synth/design_1.v:12]
INFO: [Synth 8-6157] synthesizing module 'design_1_axi_bram_ctrl_0_0' [C:/Users/pilltong/Desktop/SoC_Final_Project/SoC_Final_Project/SoC_Final_Project.runs/synth_1/.Xil/Vivado-14520-DESKTOP-AAMUOAI/realtime/design_1_axi_bram_ctrl_0_0_stub.v:5]
INFO: [Synth 8-6155] done synthesizing module 'design_1_axi_bram_ctrl_0_0' (0#1) [C:/Users/pilltong/Desktop/SoC_Final_Project/SoC_Final_Project/SoC_Final_Project.runs/synth_1/.Xil/Vivado-14520-DESKTOP-AAMUOAI/realtime/design_1_axi_bram_ctrl_0_0_stub.v:5]
INFO: [Synth 8-6157] synthesizing module 'design_1_axi_bram_ctrl_0_bram_0' [C:/Users/pilltong/Desktop/SoC_Final_Project/SoC_Final_Project/SoC_Final_Project.runs/synth_1/.Xil/Vivado-14520-DESKTOP-AAMUOAI/realtime/design_1_axi_bram_ctrl_0_bram_0_stub.v:5]
INFO: [Synth 8-6155] done synthesizing module 'design_1_axi_bram_ctrl_0_bram_0' (0#1) [C:/Users/pilltong/Desktop/SoC_Final_Project/SoC_Final_Project/SoC_Final_Project.runs/synth_1/.Xil/Vivado-14520-DESKTOP-AAMUOAI/realtime/design_1_axi_bram_ctrl_0_bram_0_stub.v:5]
INFO: [Synth 8-6157] synthesizing module 'design_1_axi_smc_0' [C:/Users/pilltong/Desktop/SoC_Final_Project/SoC_Final_Project/SoC_Final_Project.runs/synth_1/.Xil/Vivado-14520-DESKTOP-AAMUOAI/realtime/design_1_axi_smc_0_stub.v:5]
INFO: [Synth 8-6155] done synthesizing module 'design_1_axi_smc_0' (0#1) [C:/Users/pilltong/Desktop/SoC_Final_Project/SoC_Final_Project/SoC_Final_Project.runs/synth_1/.Xil/Vivado-14520-DESKTOP-AAMUOAI/realtime/design_1_axi_smc_0_stub.v:5]
WARNING: [Synth 8-4446] all outputs are unconnected for this instance and logic may be removed [c:/Users/pilltong/Desktop/SoC_Final_Project/SoC_Final_Project/SoC_Final_Project.gen/sources_1/bd/design_1/synth/design_1.v:197]
INFO: [Synth 8-6157] synthesizing module 'design_1_ila_0_0' [C:/Users/pilltong/Desktop/SoC_Final_Project/SoC_Final_Project/SoC_Final_Project.runs/synth_1/.Xil/Vivado-14520-DESKTOP-AAMUOAI/realtime/design_1_ila_0_0_stub.v:5]
INFO: [Synth 8-6155] done synthesizing module 'design_1_ila_0_0' (0#1) [C:/Users/pilltong/Desktop/SoC_Final_Project/SoC_Final_Project/SoC_Final_Project.runs/synth_1/.Xil/Vivado-14520-DESKTOP-AAMUOAI/realtime/design_1_ila_0_0_stub.v:5]
INFO: [Synth 8-6157] synthesizing module 'design_1_matrix_multiply_0_0' [C:/Users/pilltong/Desktop/SoC_Final_Project/SoC_Final_Project/SoC_Final_Project.runs/synth_1/.Xil/Vivado-14520-DESKTOP-AAMUOAI/realtime/design_1_matrix_multiply_0_0_stub.v:5]
INFO: [Synth 8-6155] done synthesizing module 'design_1_matrix_multiply_0_0' (0#1) [C:/Users/pilltong/Desktop/SoC_Final_Project/SoC_Final_Project/SoC_Final_Project.runs/synth_1/.Xil/Vivado-14520-DESKTOP-AAMUOAI/realtime/design_1_matrix_multiply_0_0_stub.v:5]
INFO: [Synth 8-6157] synthesizing module 'design_1_rst_ps8_0_100M_0' [C:/Users/pilltong/Desktop/SoC_Final_Project/SoC_Final_Project/SoC_Final_Project.runs/synth_1/.Xil/Vivado-14520-DESKTOP-AAMUOAI/realtime/design_1_rst_ps8_0_100M_0_stub.v:5]
INFO: [Synth 8-6155] done synthesizing module 'design_1_rst_ps8_0_100M_0' (0#1) [C:/Users/pilltong/Desktop/SoC_Final_Project/SoC_Final_Project/SoC_Final_Project.runs/synth_1/.Xil/Vivado-14520-DESKTOP-AAMUOAI/realtime/design_1_rst_ps8_0_100M_0_stub.v:5]
WARNING: [Synth 8-7071] port 'mb_reset' of module 'design_1_rst_ps8_0_100M_0' is unconnected for instance 'rst_ps8_0_100M' [c:/Users/pilltong/Desktop/SoC_Final_Project/SoC_Final_Project/SoC_Final_Project.gen/sources_1/bd/design_1/synth/design_1.v:215]
WARNING: [Synth 8-7071] port 'bus_struct_reset' of module 'design_1_rst_ps8_0_100M_0' is unconnected for instance 'rst_ps8_0_100M' [c:/Users/pilltong/Desktop/SoC_Final_Project/SoC_Final_Project/SoC_Final_Project.gen/sources_1/bd/design_1/synth/design_1.v:215]
WARNING: [Synth 8-7071] port 'interconnect_aresetn' of module 'design_1_rst_ps8_0_100M_0' is unconnected for instance 'rst_ps8_0_100M' [c:/Users/pilltong/Desktop/SoC_Final_Project/SoC_Final_Project/SoC_Final_Project.gen/sources_1/bd/design_1/synth/design_1.v:215]
WARNING: [Synth 8-7023] instance 'rst_ps8_0_100M' of module 'design_1_rst_ps8_0_100M_0' has 10 connections declared, but only 7 given [c:/Users/pilltong/Desktop/SoC_Final_Project/SoC_Final_Project/SoC_Final_Project.gen/sources_1/bd/design_1/synth/design_1.v:215]
INFO: [Synth 8-6157] synthesizing module 'design_1_zynq_ultra_ps_e_0_0' [C:/Users/pilltong/Desktop/SoC_Final_Project/SoC_Final_Project/SoC_Final_Project.runs/synth_1/.Xil/Vivado-14520-DESKTOP-AAMUOAI/realtime/design_1_zynq_ultra_ps_e_0_0_stub.v:5]
INFO: [Synth 8-6155] done synthesizing module 'design_1_zynq_ultra_ps_e_0_0' (0#1) [C:/Users/pilltong/Desktop/SoC_Final_Project/SoC_Final_Project/SoC_Final_Project.runs/synth_1/.Xil/Vivado-14520-DESKTOP-AAMUOAI/realtime/design_1_zynq_ultra_ps_e_0_0_stub.v:5]
INFO: [Synth 8-6155] done synthesizing module 'design_1' (0#1) [c:/Users/pilltong/Desktop/SoC_Final_Project/SoC_Final_Project/SoC_Final_Project.gen/sources_1/bd/design_1/synth/design_1.v:12]
INFO: [Synth 8-6155] done synthesizing module 'design_1_wrapper' (0#1) [C:/Users/pilltong/Desktop/SoC_Final_Project/SoC_Final_Project/SoC_Final_Project.gen/sources_1/bd/design_1/hdl/design_1_wrapper.v:12]
INFO: [Synth 8-6071] Mark debug on the nets applies keep_hierarchy on instance 'matrix_multiply_0'. This will prevent further optimization [c:/Users/pilltong/Desktop/SoC_Final_Project/SoC_Final_Project/SoC_Final_Project.gen/sources_1/bd/design_1/synth/design_1.v:206]
INFO: [Synth 8-6071] Mark debug on the nets applies keep_hierarchy on instance 'ila_0'. This will prevent further optimization [c:/Users/pilltong/Desktop/SoC_Final_Project/SoC_Final_Project/SoC_Final_Project.gen/sources_1/bd/design_1/synth/design_1.v:197]
INFO: [Synth 8-6071] Mark debug on the nets applies keep_hierarchy on instance 'axi_bram_ctrl_0_bram'. This will prevent further optimization [c:/Users/pilltong/Desktop/SoC_Final_Project/SoC_Final_Project/SoC_Final_Project.gen/sources_1/bd/design_1/synth/design_1.v:121]
INFO: [Synth 8-6071] Mark debug on the nets applies keep_hierarchy on instance 'rst_ps8_0_100M'. This will prevent further optimization [c:/Users/pilltong/Desktop/SoC_Final_Project/SoC_Final_Project/SoC_Final_Project.gen/sources_1/bd/design_1/synth/design_1.v:215]
---------------------------------------------------------------------------------
Finished RTL Elaboration : Time (s): cpu = 00:00:01 ; elapsed = 00:00:07 . Memory (MB): peak = 1853.250 ; gain = 425.148
---------------------------------------------------------------------------------
---------------------------------------------------------------------------------
Start Handling Custom Attributes
---------------------------------------------------------------------------------
---------------------------------------------------------------------------------
Finished Handling Custom Attributes : Time (s): cpu = 00:00:01 ; elapsed = 00:00:07 . Memory (MB): peak = 1853.250 ; gain = 425.148
---------------------------------------------------------------------------------
---------------------------------------------------------------------------------
Finished RTL Optimization Phase 1 : Time (s): cpu = 00:00:01 ; elapsed = 00:00:07 . Memory (MB): peak = 1853.250 ; gain = 425.148
---------------------------------------------------------------------------------
Netlist sorting complete. Time (s): cpu = 00:00:00 ; elapsed = 00:00:00.012 . Memory (MB): peak = 1853.250 ; gain = 0.000
INFO: [Project 1-570] Preparing netlist for logic optimization

Processing XDC Constraints
Initializing timing engine
Parsing XDC File [c:/Users/pilltong/Desktop/SoC_Final_Project/SoC_Final_Project/SoC_Final_Project.gen/sources_1/bd/design_1/ip/design_1_zynq_ultra_ps_e_0_0/design_1_zynq_ultra_ps_e_0_0/design_1_zynq_ultra_ps_e_0_0_in_context.xdc] for cell 'design_1_i/zynq_ultra_ps_e_0'
Finished Parsing XDC File [c:/Users/pilltong/Desktop/SoC_Final_Project/SoC_Final_Project/SoC_Final_Project.gen/sources_1/bd/design_1/ip/design_1_zynq_ultra_ps_e_0_0/design_1_zynq_ultra_ps_e_0_0/design_1_zynq_ultra_ps_e_0_0_in_context.xdc] for cell 'design_1_i/zynq_ultra_ps_e_0'
Parsing XDC File [c:/Users/pilltong/Desktop/SoC_Final_Project/SoC_Final_Project/SoC_Final_Project.gen/sources_1/bd/design_1/ip/design_1_axi_bram_ctrl_0_0/design_1_axi_bram_ctrl_0_0/design_1_axi_bram_ctrl_0_0_in_context.xdc] for cell 'design_1_i/axi_bram_ctrl_0'
Finished Parsing XDC File [c:/Users/pilltong/Desktop/SoC_Final_Project/SoC_Final_Project/SoC_Final_Project.gen/sources_1/bd/design_1/ip/design_1_axi_bram_ctrl_0_0/design_1_axi_bram_ctrl_0_0/design_1_axi_bram_ctrl_0_0_in_context.xdc] for cell 'design_1_i/axi_bram_ctrl_0'
Parsing XDC File [c:/Users/pilltong/Desktop/SoC_Final_Project/SoC_Final_Project/SoC_Final_Project.gen/sources_1/bd/design_1/ip/design_1_axi_bram_ctrl_0_bram_0/design_1_axi_bram_ctrl_0_bram_0/design_1_axi_bram_ctrl_0_bram_0_in_context.xdc] for cell 'design_1_i/axi_bram_ctrl_0_bram'
Finished Parsing XDC File [c:/Users/pilltong/Desktop/SoC_Final_Project/SoC_Final_Project/SoC_Final_Project.gen/sources_1/bd/design_1/ip/design_1_axi_bram_ctrl_0_bram_0/design_1_axi_bram_ctrl_0_bram_0/design_1_axi_bram_ctrl_0_bram_0_in_context.xdc] for cell 'design_1_i/axi_bram_ctrl_0_bram'
Parsing XDC File [c:/Users/pilltong/Desktop/SoC_Final_Project/SoC_Final_Project/SoC_Final_Project.gen/sources_1/bd/design_1/ip/design_1_axi_smc_0/design_1_axi_smc_0/design_1_axi_smc_0_in_context.xdc] for cell 'design_1_i/axi_smc'
Finished Parsing XDC File [c:/Users/pilltong/Desktop/SoC_Final_Project/SoC_Final_Project/SoC_Final_Project.gen/sources_1/bd/design_1/ip/design_1_axi_smc_0/design_1_axi_smc_0/design_1_axi_smc_0_in_context.xdc] for cell 'design_1_i/axi_smc'
Parsing XDC File [c:/Users/pilltong/Desktop/SoC_Final_Project/SoC_Final_Project/SoC_Final_Project.gen/sources_1/bd/design_1/ip/design_1_rst_ps8_0_100M_0/design_1_rst_ps8_0_100M_0/design_1_rst_ps8_0_100M_0_in_context.xdc] for cell 'design_1_i/rst_ps8_0_100M'
Finished Parsing XDC File [c:/Users/pilltong/Desktop/SoC_Final_Project/SoC_Final_Project/SoC_Final_Project.gen/sources_1/bd/design_1/ip/design_1_rst_ps8_0_100M_0/design_1_rst_ps8_0_100M_0/design_1_rst_ps8_0_100M_0_in_context.xdc] for cell 'design_1_i/rst_ps8_0_100M'
Parsing XDC File [c:/Users/pilltong/Desktop/SoC_Final_Project/SoC_Final_Project/SoC_Final_Project.gen/sources_1/bd/design_1/ip/design_1_ila_0_0/design_1_ila_0_0/design_1_ila_0_0_in_context.xdc] for cell 'design_1_i/ila_0'
Finished Parsing XDC File [c:/Users/pilltong/Desktop/SoC_Final_Project/SoC_Final_Project/SoC_Final_Project.gen/sources_1/bd/design_1/ip/design_1_ila_0_0/design_1_ila_0_0/design_1_ila_0_0_in_context.xdc] for cell 'design_1_i/ila_0'
Parsing XDC File [c:/Users/pilltong/Desktop/SoC_Final_Project/SoC_Final_Project/SoC_Final_Project.gen/sources_1/bd/design_1/ip/design_1_matrix_multiply_0_0/design_1_matrix_multiply_0_0/design_1_matrix_multiply_0_0_in_context.xdc] for cell 'design_1_i/matrix_multiply_0'
Finished Parsing XDC File [c:/Users/pilltong/Desktop/SoC_Final_Project/SoC_Final_Project/SoC_Final_Project.gen/sources_1/bd/design_1/ip/design_1_matrix_multiply_0_0/design_1_matrix_multiply_0_0/design_1_matrix_multiply_0_0_in_context.xdc] for cell 'design_1_i/matrix_multiply_0'
Parsing XDC File [C:/Users/pilltong/Desktop/SoC_Final_Project/SoC_Final_Project/SoC_Final_Project.runs/synth_1/dont_touch.xdc]
Finished Parsing XDC File [C:/Users/pilltong/Desktop/SoC_Final_Project/SoC_Final_Project/SoC_Final_Project.runs/synth_1/dont_touch.xdc]
Completed Processing XDC Constraints

Netlist sorting complete. Time (s): cpu = 00:00:00 ; elapsed = 00:00:00 . Memory (MB): peak = 1860.590 ; gain = 0.000
INFO: [Project 1-111] Unisim Transformation Summary:
No Unisim elements were transformed.

Constraint Validation Runtime : Time (s): cpu = 00:00:00 ; elapsed = 00:00:00.018 . Memory (MB): peak = 1860.590 ; gain = 0.000
WARNING: [Timing 38-316] Clock period '20.000' specified during out-of-context synthesis of instance 'design_1_i/axi_bram_ctrl_0_bram' at clock pin 'clka' is different from the actual clock period '10.000', this can lead to different synthesis results.
INFO: [Designutils 20-5440] No compile time benefit to using incremental synthesis; A full resynthesis will be run
INFO: [Designutils 20-4379] Flow is switching to default flow due to incremental criteria not met. If you would like to alter this behaviour and have the flow terminate instead, please set the following parameter config_implementation {autoIncr.Synth.RejectBehavior Terminate}
INFO: [Synth 8-11241] undeclared symbol 'REGCCE', assumed default net type 'wire' [C:/Xilinx/Vivado/2022.2/data/verilog/src/unimacro/BRAM_SINGLE_MACRO.v:2170]
---------------------------------------------------------------------------------
Finished Constraint Validation : Time (s): cpu = 00:00:04 ; elapsed = 00:00:21 . Memory (MB): peak = 1860.703 ; gain = 432.602
---------------------------------------------------------------------------------
---------------------------------------------------------------------------------
Start Loading Part and Timing Information
---------------------------------------------------------------------------------
Loading part: xczu3eg-sbva484-1-i
INFO: [Synth 8-6742] Reading net delay rules and data
---------------------------------------------------------------------------------
Finished Loading Part and Timing Information : Time (s): cpu = 00:00:04 ; elapsed = 00:00:21 . Memory (MB): peak = 1860.703 ; gain = 432.602
---------------------------------------------------------------------------------
---------------------------------------------------------------------------------
Start Applying 'set_property' XDC Constraints
---------------------------------------------------------------------------------
Applied set_property KEEP_HIERARCHY = SOFT for design_1_i. (constraint file  auto generated constraint).
Applied set_property KEEP_HIERARCHY = SOFT for design_1_i/zynq_ultra_ps_e_0. (constraint file  auto generated constraint).
Applied set_property KEEP_HIERARCHY = SOFT for design_1_i/axi_bram_ctrl_0. (constraint file  auto generated constraint).
Applied set_property KEEP_HIERARCHY = SOFT for design_1_i/axi_bram_ctrl_0_bram. (constraint file  auto generated constraint).
Applied set_property KEEP_HIERARCHY = SOFT for design_1_i/axi_smc. (constraint file  auto generated constraint).
Applied set_property KEEP_HIERARCHY = SOFT for design_1_i/rst_ps8_0_100M. (constraint file  auto generated constraint).
Applied set_property KEEP_HIERARCHY = SOFT for design_1_i/ila_0. (constraint file  auto generated constraint).
Applied set_property KEEP_HIERARCHY = SOFT for design_1_i/matrix_multiply_0. (constraint file  auto generated constraint).
---------------------------------------------------------------------------------
Finished applying 'set_property' XDC Constraints : Time (s): cpu = 00:00:04 ; elapsed = 00:00:21 . Memory (MB): peak = 1860.703 ; gain = 432.602
---------------------------------------------------------------------------------
---------------------------------------------------------------------------------
Finished RTL Optimization Phase 2 : Time (s): cpu = 00:00:04 ; elapsed = 00:00:21 . Memory (MB): peak = 1860.703 ; gain = 432.602
---------------------------------------------------------------------------------
---------------------------------------------------------------------------------
Start RTL Component Statistics 
---------------------------------------------------------------------------------
Detailed RTL Component Info : 
---------------------------------------------------------------------------------
Finished RTL Component Statistics 
---------------------------------------------------------------------------------
---------------------------------------------------------------------------------
Start Part Resource Summary
---------------------------------------------------------------------------------
Part Resources:
DSPs: 360 (col length:72)
BRAMs: 432 (col length: RAMB18 72 RAMB36 36)
---------------------------------------------------------------------------------
Finished Part Resource Summary
---------------------------------------------------------------------------------
---------------------------------------------------------------------------------
Start Cross Boundary and Area Optimization
---------------------------------------------------------------------------------
WARNING: [Synth 8-7080] Parallel synthesis criteria is not met
---------------------------------------------------------------------------------
Finished Cross Boundary and Area Optimization : Time (s): cpu = 00:00:04 ; elapsed = 00:00:23 . Memory (MB): peak = 1860.703 ; gain = 432.602
---------------------------------------------------------------------------------
---------------------------------------------------------------------------------
Start Applying XDC Timing Constraints
---------------------------------------------------------------------------------
---------------------------------------------------------------------------------
Finished Applying XDC Timing Constraints : Time (s): cpu = 00:00:08 ; elapsed = 00:00:38 . Memory (MB): peak = 2395.559 ; gain = 967.457
---------------------------------------------------------------------------------
---------------------------------------------------------------------------------
Start Timing Optimization
---------------------------------------------------------------------------------
---------------------------------------------------------------------------------
Finished Timing Optimization : Time (s): cpu = 00:00:08 ; elapsed = 00:00:38 . Memory (MB): peak = 2395.559 ; gain = 967.457
---------------------------------------------------------------------------------
---------------------------------------------------------------------------------
Start Technology Mapping
---------------------------------------------------------------------------------
---------------------------------------------------------------------------------
Finished Technology Mapping : Time (s): cpu = 00:00:08 ; elapsed = 00:00:38 . Memory (MB): peak = 2415.141 ; gain = 987.039
---------------------------------------------------------------------------------
---------------------------------------------------------------------------------
Start IO Insertion
---------------------------------------------------------------------------------
---------------------------------------------------------------------------------
Start Flattening Before IO Insertion
---------------------------------------------------------------------------------
---------------------------------------------------------------------------------
Finished Flattening Before IO Insertion
---------------------------------------------------------------------------------
---------------------------------------------------------------------------------
Start Final Netlist Cleanup
---------------------------------------------------------------------------------
---------------------------------------------------------------------------------
Finished Final Netlist Cleanup
---------------------------------------------------------------------------------
---------------------------------------------------------------------------------
Finished IO Insertion : Time (s): cpu = 00:00:09 ; elapsed = 00:00:41 . Memory (MB): peak = 2419.816 ; gain = 991.715
---------------------------------------------------------------------------------
---------------------------------------------------------------------------------
Start Renaming Generated Instances
---------------------------------------------------------------------------------
---------------------------------------------------------------------------------
Finished Renaming Generated Instances : Time (s): cpu = 00:00:09 ; elapsed = 00:00:41 . Memory (MB): peak = 2419.816 ; gain = 991.715
---------------------------------------------------------------------------------
---------------------------------------------------------------------------------
Start Rebuilding User Hierarchy
---------------------------------------------------------------------------------
---------------------------------------------------------------------------------
Finished Rebuilding User Hierarchy : Time (s): cpu = 00:00:09 ; elapsed = 00:00:41 . Memory (MB): peak = 2419.816 ; gain = 991.715
---------------------------------------------------------------------------------
---------------------------------------------------------------------------------
Start Renaming Generated Ports
---------------------------------------------------------------------------------
---------------------------------------------------------------------------------
Finished Renaming Generated Ports : Time (s): cpu = 00:00:09 ; elapsed = 00:00:41 . Memory (MB): peak = 2419.816 ; gain = 991.715
---------------------------------------------------------------------------------
---------------------------------------------------------------------------------
Start Handling Custom Attributes
---------------------------------------------------------------------------------
---------------------------------------------------------------------------------
Finished Handling Custom Attributes : Time (s): cpu = 00:00:09 ; elapsed = 00:00:41 . Memory (MB): peak = 2419.816 ; gain = 991.715
---------------------------------------------------------------------------------
---------------------------------------------------------------------------------
Start Renaming Generated Nets
---------------------------------------------------------------------------------
---------------------------------------------------------------------------------
Finished Renaming Generated Nets : Time (s): cpu = 00:00:09 ; elapsed = 00:00:41 . Memory (MB): peak = 2419.816 ; gain = 991.715
---------------------------------------------------------------------------------
---------------------------------------------------------------------------------
Start Writing Synthesis Report
---------------------------------------------------------------------------------

Report BlackBoxes: 
+------+--------------------------------+----------+
|      |BlackBox name                   |Instances |
+------+--------------------------------+----------+
|1     |design_1_axi_bram_ctrl_0_0      |         1|
|2     |design_1_axi_bram_ctrl_0_bram_0 |         1|
|3     |design_1_axi_smc_0              |         1|
|4     |design_1_ila_0_0                |         1|
|5     |design_1_matrix_multiply_0_0    |         1|
|6     |design_1_rst_ps8_0_100M_0       |         1|
|7     |design_1_zynq_ultra_ps_e_0_0    |         1|
+------+--------------------------------+----------+

Report Cell Usage: 
+------+------------------------------+------+
|      |Cell                          |Count |
+------+------------------------------+------+
|1     |design_1_axi_bram_ctrl_0      |     1|
|2     |design_1_axi_bram_ctrl_0_bram |     1|
|3     |design_1_axi_smc              |     1|
|4     |design_1_ila_0                |     1|
|5     |design_1_matrix_multiply_0    |     1|
|6     |design_1_rst_ps8_0_100M       |     1|
|7     |design_1_zynq_ultra_ps_e_0    |     1|
+------+------------------------------+------+
---------------------------------------------------------------------------------
Finished Writing Synthesis Report : Time (s): cpu = 00:00:09 ; elapsed = 00:00:41 . Memory (MB): peak = 2419.816 ; gain = 991.715
---------------------------------------------------------------------------------
Synthesis finished with 0 errors, 0 critical warnings and 1 warnings.
Synthesis Optimization Runtime : Time (s): cpu = 00:00:06 ; elapsed = 00:00:34 . Memory (MB): peak = 2419.816 ; gain = 984.262
Synthesis Optimization Complete : Time (s): cpu = 00:00:09 ; elapsed = 00:00:41 . Memory (MB): peak = 2419.816 ; gain = 991.715
INFO: [Project 1-571] Translating synthesized netlist
Netlist sorting complete. Time (s): cpu = 00:00:00 ; elapsed = 00:00:00.009 . Memory (MB): peak = 2419.816 ; gain = 0.000
INFO: [Project 1-570] Preparing netlist for logic optimization
INFO: [Opt 31-138] Pushed 0 inverter(s) to 0 load pin(s).
Netlist sorting complete. Time (s): cpu = 00:00:00 ; elapsed = 00:00:00 . Memory (MB): peak = 2461.008 ; gain = 0.000
INFO: [Project 1-111] Unisim Transformation Summary:
No Unisim elements were transformed.

Synth Design complete, checksum: c74e1948
INFO: [Common 17-83] Releasing license: Synthesis
46 Infos, 7 Warnings, 0 Critical Warnings and 0 Errors encountered.
synth_design completed successfully
synth_design: Time (s): cpu = 00:00:11 ; elapsed = 00:00:49 . Memory (MB): peak = 2466.012 ; gain = 1971.234
INFO: [Common 17-1381] The checkpoint 'C:/Users/pilltong/Desktop/SoC_Final_Project/SoC_Final_Project/SoC_Final_Project.runs/synth_1/design_1_wrapper.dcp' has been generated.
INFO: [runtcl-4] Executing : report_utilization -file design_1_wrapper_utilization_synth.rpt -pb design_1_wrapper_utilization_synth.pb
INFO: [Common 17-206] Exiting Vivado at Thu Dec 19 14:37:10 2024...
